<?xml version="1.0" encoding="UTF-8"?>
<!-- Generated by org.testng.reporters.JUnitXMLReporter -->
<testsuite ignored="0" hostname="LAPTOP-RME7440E" failures="1" tests="3" name="orangehrmproject1" time="15.482" errors="0" timestamp="2023-08-04T21:13:14 EDT">
  <testcase classname="com.envision.orangehrmtestrunner.OrangeHrm_EmployeePortal_TestRunner" name="VerifyingTheLoginCredentialsIsAvailability" time="0.672">
    <skipped/>
  </testcase> <!-- VerifyingTheLoginCredentialsIsAvailability -->
  <testcase classname="com.envision.orangehrmtestrunner.OrangeHrm_EmployeePortal_TestRunner" name="VerifyingTheLoginCredentialsIsAvailability" time="0.607">
    <skipped/>
  </testcase> <!-- VerifyingTheLoginCredentialsIsAvailability -->
  <testcase classname="com.envision.orangehrmtestrunner.OrangeHrm_EmployeePortal_TestRunner" name="VerifyingTheLoginCredentialsIsAvailability" time="0.544">
    <failure type="java.lang.AssertionError" message="expected [true] but found [false]">
      <![CDATA[java.lang.AssertionError: expected [true] but found [false]
at com.envision.orangehrmtestrunner.OrangeHrm_EmployeePortal_TestRunner.VerifyingTheLoginCredentialsIsAvailability(OrangeHrm_EmployeePortal_TestRunner.java:46)
at java.base/java.util.ArrayList.forEach(ArrayList.java:1511)
at com.intellij.rt.testng.IDEARemoteTestNG.run(IDEARemoteTestNG.java:66)
at com.intellij.rt.testng.RemoteTestNGStarter.main(RemoteTestNGStarter.java:105)
... Removed 22 stack frames]]>
    </failure>
  </testcase> <!-- VerifyingTheLoginCredentialsIsAvailability -->
</testsuite> <!-- orangehrmproject1 -->
