<?xml version="1.0" encoding="UTF-8"?>
<testng-results retried="2" ignored="2" total="5" passed="0" failed="1" skipped="0">
  <reporter-output>
  </reporter-output>
  <suite started-at="2023-08-04T21:12:59 EDT" name="Default Suite" finished-at="2023-08-04T21:13:14 EDT" duration-ms="15482">
    <groups>
    </groups>
    <test started-at="2023-08-04T21:12:59 EDT" name="orangehrmproject1" finished-at="2023-08-04T21:13:14 EDT" duration-ms="15482">
      <class name="com.envision.orangehrmtestrunner.OrangeHrm_EmployeePortal_TestRunner">
        <test-method is-config="true" signature="initializeReport()[pri:0, instance:com.envision.orangehrmtestrunner.OrangeHrm_EmployeePortal_TestRunner@5e316c74]" started-at="2023-08-04T21:12:58 EDT" name="initializeReport" finished-at="2023-08-04T21:12:59 EDT" duration-ms="375" status="PASS">
          <reporter-output>
          </reporter-output>
        </test-method> <!-- initializeReport -->
        <test-method is-config="true" signature="OpenBrowser_OpenUrl(java.lang.String)[pri:0, instance:com.envision.orangehrmtestrunner.OrangeHrm_EmployeePortal_TestRunner@5e316c74]" started-at="2023-08-04T21:12:59 EDT" name="OpenBrowser_OpenUrl" finished-at="2023-08-04T21:13:04 EDT" duration-ms="5187" status="PASS">
          <params>
            <param index="0">
              <value>
                <![CDATA[chrome]]>
              </value>
            </param>
          </params>
          <reporter-output>
          </reporter-output>
        </test-method> <!-- OpenBrowser_OpenUrl -->
        <test-method retried="true" signature="VerifyingTheLoginCredentialsIsAvailability(java.lang.reflect.Method,java.lang.String,java.lang.String)[pri:0, instance:com.envision.orangehrmtestrunner.OrangeHrm_EmployeePortal_TestRunner@5e316c74]" started-at="2023-08-04T21:13:04 EDT" name="VerifyingTheLoginCredentialsIsAvailability" data-provider="orangehrm_testcase_data" finished-at="2023-08-04T21:13:05 EDT" duration-ms="672" status="SKIP">
          <params>
            <param index="0">
              <value>
                <![CDATA[public void com.envision.orangehrmtestrunner.OrangeHrm_EmployeePortal_TestRunner.VerifyingTheLoginCredentialsIsAvailability(java.lang.reflect.Method,java.lang.String,java.lang.String)]]>
              </value>
            </param>
            <param index="1">
              <value>
                <![CDATA[Username : Admin]]>
              </value>
            </param>
            <param index="2">
              <value>
                <![CDATA[Password : admin123]]>
              </value>
            </param>
          </params>
          <exception class="java.lang.AssertionError">
            <message>
              <![CDATA[expected [true] but found [false]]]>
            </message>
            <full-stacktrace>
              <![CDATA[java.lang.AssertionError: expected [true] but found [false]
at com.envision.orangehrmtestrunner.OrangeHrm_EmployeePortal_TestRunner.VerifyingTheLoginCredentialsIsAvailability(OrangeHrm_EmployeePortal_TestRunner.java:46)
at java.base/jdk.internal.reflect.DirectMethodHandleAccessor.invoke(DirectMethodHandleAccessor.java:104)
at java.base/java.lang.reflect.Method.invoke(Method.java:578)
at org.testng.internal.invokers.MethodInvocationHelper.invokeMethod(MethodInvocationHelper.java:139)
at org.testng.internal.invokers.TestInvoker.invokeMethod(TestInvoker.java:664)
at org.testng.internal.invokers.TestInvoker.invokeTestMethod(TestInvoker.java:227)
at org.testng.internal.invokers.MethodRunner.runInSequence(MethodRunner.java:50)
at org.testng.internal.invokers.TestInvoker$MethodInvocationAgent.invoke(TestInvoker.java:957)
at org.testng.internal.invokers.TestInvoker.invokeTestMethods(TestInvoker.java:200)
at org.testng.internal.invokers.TestMethodWorker.invokeTestMethods(TestMethodWorker.java:148)
at org.testng.internal.invokers.TestMethodWorker.run(TestMethodWorker.java:128)
at java.base/java.util.ArrayList.forEach(ArrayList.java:1511)
at org.testng.TestRunner.privateRun(TestRunner.java:848)
at org.testng.TestRunner.run(TestRunner.java:621)
at org.testng.SuiteRunner.runTest(SuiteRunner.java:443)
at org.testng.SuiteRunner.runSequentially(SuiteRunner.java:437)
at org.testng.SuiteRunner.privateRun(SuiteRunner.java:397)
at org.testng.SuiteRunner.run(SuiteRunner.java:336)
at org.testng.SuiteRunnerWorker.runSuite(SuiteRunnerWorker.java:52)
at org.testng.SuiteRunnerWorker.run(SuiteRunnerWorker.java:95)
at org.testng.TestNG.runSuitesSequentially(TestNG.java:1280)
at org.testng.TestNG.runSuitesLocally(TestNG.java:1200)
at org.testng.TestNG.runSuites(TestNG.java:1114)
at org.testng.TestNG.run(TestNG.java:1082)
at com.intellij.rt.testng.IDEARemoteTestNG.run(IDEARemoteTestNG.java:66)
at com.intellij.rt.testng.RemoteTestNGStarter.main(RemoteTestNGStarter.java:105)
]]>
            </full-stacktrace>
          </exception> <!-- java.lang.AssertionError -->
          <reporter-output>
          </reporter-output>
        </test-method> <!-- VerifyingTheLoginCredentialsIsAvailability -->
        <test-method is-config="true" signature="closure()[pri:0, instance:com.envision.orangehrmtestrunner.OrangeHrm_EmployeePortal_TestRunner@5e316c74]" started-at="2023-08-04T21:13:05 EDT" name="closure" finished-at="2023-08-04T21:13:06 EDT" duration-ms="430" status="PASS">
          <reporter-output>
          </reporter-output>
        </test-method> <!-- closure -->
        <test-method is-config="true" signature="OpenBrowser_OpenUrl(java.lang.String)[pri:0, instance:com.envision.orangehrmtestrunner.OrangeHrm_EmployeePortal_TestRunner@5e316c74]" started-at="2023-08-04T21:13:06 EDT" name="OpenBrowser_OpenUrl" finished-at="2023-08-04T21:13:09 EDT" duration-ms="3347" status="PASS">
          <params>
            <param index="0">
              <value>
                <![CDATA[chrome]]>
              </value>
            </param>
          </params>
          <reporter-output>
          </reporter-output>
        </test-method> <!-- OpenBrowser_OpenUrl -->
        <test-method retried="true" signature="VerifyingTheLoginCredentialsIsAvailability(java.lang.reflect.Method,java.lang.String,java.lang.String)[pri:0, instance:com.envision.orangehrmtestrunner.OrangeHrm_EmployeePortal_TestRunner@5e316c74]" started-at="2023-08-04T21:13:09 EDT" name="VerifyingTheLoginCredentialsIsAvailability" data-provider="orangehrm_testcase_data" finished-at="2023-08-04T21:13:10 EDT" duration-ms="607" status="SKIP">
          <params>
            <param index="0">
              <value>
                <![CDATA[public void com.envision.orangehrmtestrunner.OrangeHrm_EmployeePortal_TestRunner.VerifyingTheLoginCredentialsIsAvailability(java.lang.reflect.Method,java.lang.String,java.lang.String)]]>
              </value>
            </param>
            <param index="1">
              <value>
                <![CDATA[Username : Admin]]>
              </value>
            </param>
            <param index="2">
              <value>
                <![CDATA[Password : admin123]]>
              </value>
            </param>
          </params>
          <exception class="java.lang.AssertionError">
            <message>
              <![CDATA[expected [true] but found [false]]]>
            </message>
            <full-stacktrace>
              <![CDATA[java.lang.AssertionError: expected [true] but found [false]
at com.envision.orangehrmtestrunner.OrangeHrm_EmployeePortal_TestRunner.VerifyingTheLoginCredentialsIsAvailability(OrangeHrm_EmployeePortal_TestRunner.java:46)
at java.base/jdk.internal.reflect.DirectMethodHandleAccessor.invoke(DirectMethodHandleAccessor.java:104)
at java.base/java.lang.reflect.Method.invoke(Method.java:578)
at org.testng.internal.invokers.MethodInvocationHelper.invokeMethod(MethodInvocationHelper.java:139)
at org.testng.internal.invokers.TestInvoker.invokeMethod(TestInvoker.java:664)
at org.testng.internal.invokers.TestInvoker.retryFailed(TestInvoker.java:248)
at org.testng.internal.invokers.MethodRunner.runInSequence(MethodRunner.java:62)
at org.testng.internal.invokers.TestInvoker$MethodInvocationAgent.invoke(TestInvoker.java:957)
at org.testng.internal.invokers.TestInvoker.invokeTestMethods(TestInvoker.java:200)
at org.testng.internal.invokers.TestMethodWorker.invokeTestMethods(TestMethodWorker.java:148)
at org.testng.internal.invokers.TestMethodWorker.run(TestMethodWorker.java:128)
at java.base/java.util.ArrayList.forEach(ArrayList.java:1511)
at org.testng.TestRunner.privateRun(TestRunner.java:848)
at org.testng.TestRunner.run(TestRunner.java:621)
at org.testng.SuiteRunner.runTest(SuiteRunner.java:443)
at org.testng.SuiteRunner.runSequentially(SuiteRunner.java:437)
at org.testng.SuiteRunner.privateRun(SuiteRunner.java:397)
at org.testng.SuiteRunner.run(SuiteRunner.java:336)
at org.testng.SuiteRunnerWorker.runSuite(SuiteRunnerWorker.java:52)
at org.testng.SuiteRunnerWorker.run(SuiteRunnerWorker.java:95)
at org.testng.TestNG.runSuitesSequentially(TestNG.java:1280)
at org.testng.TestNG.runSuitesLocally(TestNG.java:1200)
at org.testng.TestNG.runSuites(TestNG.java:1114)
at org.testng.TestNG.run(TestNG.java:1082)
at com.intellij.rt.testng.IDEARemoteTestNG.run(IDEARemoteTestNG.java:66)
at com.intellij.rt.testng.RemoteTestNGStarter.main(RemoteTestNGStarter.java:105)
]]>
            </full-stacktrace>
          </exception> <!-- java.lang.AssertionError -->
          <reporter-output>
          </reporter-output>
        </test-method> <!-- VerifyingTheLoginCredentialsIsAvailability -->
        <test-method is-config="true" signature="closure()[pri:0, instance:com.envision.orangehrmtestrunner.OrangeHrm_EmployeePortal_TestRunner@5e316c74]" started-at="2023-08-04T21:13:10 EDT" name="closure" finished-at="2023-08-04T21:13:10 EDT" duration-ms="311" status="PASS">
          <reporter-output>
          </reporter-output>
        </test-method> <!-- closure -->
        <test-method is-config="true" signature="OpenBrowser_OpenUrl(java.lang.String)[pri:0, instance:com.envision.orangehrmtestrunner.OrangeHrm_EmployeePortal_TestRunner@5e316c74]" started-at="2023-08-04T21:13:10 EDT" name="OpenBrowser_OpenUrl" finished-at="2023-08-04T21:13:13 EDT" duration-ms="3302" status="PASS">
          <params>
            <param index="0">
              <value>
                <![CDATA[chrome]]>
              </value>
            </param>
          </params>
          <reporter-output>
          </reporter-output>
        </test-method> <!-- OpenBrowser_OpenUrl -->
        <test-method signature="VerifyingTheLoginCredentialsIsAvailability(java.lang.reflect.Method,java.lang.String,java.lang.String)[pri:0, instance:com.envision.orangehrmtestrunner.OrangeHrm_EmployeePortal_TestRunner@5e316c74]" started-at="2023-08-04T21:13:13 EDT" name="VerifyingTheLoginCredentialsIsAvailability" data-provider="orangehrm_testcase_data" finished-at="2023-08-04T21:13:14 EDT" duration-ms="544" status="FAIL">
          <params>
            <param index="0">
              <value>
                <![CDATA[public void com.envision.orangehrmtestrunner.OrangeHrm_EmployeePortal_TestRunner.VerifyingTheLoginCredentialsIsAvailability(java.lang.reflect.Method,java.lang.String,java.lang.String)]]>
              </value>
            </param>
            <param index="1">
              <value>
                <![CDATA[Username : Admin]]>
              </value>
            </param>
            <param index="2">
              <value>
                <![CDATA[Password : admin123]]>
              </value>
            </param>
          </params>
          <exception class="java.lang.AssertionError">
            <message>
              <![CDATA[expected [true] but found [false]]]>
            </message>
            <full-stacktrace>
              <![CDATA[java.lang.AssertionError: expected [true] but found [false]
at com.envision.orangehrmtestrunner.OrangeHrm_EmployeePortal_TestRunner.VerifyingTheLoginCredentialsIsAvailability(OrangeHrm_EmployeePortal_TestRunner.java:46)
at java.base/jdk.internal.reflect.DirectMethodHandleAccessor.invoke(DirectMethodHandleAccessor.java:104)
at java.base/java.lang.reflect.Method.invoke(Method.java:578)
at org.testng.internal.invokers.MethodInvocationHelper.invokeMethod(MethodInvocationHelper.java:139)
at org.testng.internal.invokers.TestInvoker.invokeMethod(TestInvoker.java:664)
at org.testng.internal.invokers.TestInvoker.retryFailed(TestInvoker.java:248)
at org.testng.internal.invokers.MethodRunner.runInSequence(MethodRunner.java:62)
at org.testng.internal.invokers.TestInvoker$MethodInvocationAgent.invoke(TestInvoker.java:957)
at org.testng.internal.invokers.TestInvoker.invokeTestMethods(TestInvoker.java:200)
at org.testng.internal.invokers.TestMethodWorker.invokeTestMethods(TestMethodWorker.java:148)
at org.testng.internal.invokers.TestMethodWorker.run(TestMethodWorker.java:128)
at java.base/java.util.ArrayList.forEach(ArrayList.java:1511)
at org.testng.TestRunner.privateRun(TestRunner.java:848)
at org.testng.TestRunner.run(TestRunner.java:621)
at org.testng.SuiteRunner.runTest(SuiteRunner.java:443)
at org.testng.SuiteRunner.runSequentially(SuiteRunner.java:437)
at org.testng.SuiteRunner.privateRun(SuiteRunner.java:397)
at org.testng.SuiteRunner.run(SuiteRunner.java:336)
at org.testng.SuiteRunnerWorker.runSuite(SuiteRunnerWorker.java:52)
at org.testng.SuiteRunnerWorker.run(SuiteRunnerWorker.java:95)
at org.testng.TestNG.runSuitesSequentially(TestNG.java:1280)
at org.testng.TestNG.runSuitesLocally(TestNG.java:1200)
at org.testng.TestNG.runSuites(TestNG.java:1114)
at org.testng.TestNG.run(TestNG.java:1082)
at com.intellij.rt.testng.IDEARemoteTestNG.run(IDEARemoteTestNG.java:66)
at com.intellij.rt.testng.RemoteTestNGStarter.main(RemoteTestNGStarter.java:105)
]]>
            </full-stacktrace>
          </exception> <!-- java.lang.AssertionError -->
          <reporter-output>
          </reporter-output>
        </test-method> <!-- VerifyingTheLoginCredentialsIsAvailability -->
        <test-method is-config="true" signature="closure()[pri:0, instance:com.envision.orangehrmtestrunner.OrangeHrm_EmployeePortal_TestRunner@5e316c74]" started-at="2023-08-04T21:13:14 EDT" name="closure" finished-at="2023-08-04T21:13:14 EDT" duration-ms="374" status="PASS">
          <reporter-output>
          </reporter-output>
        </test-method> <!-- closure -->
        <test-method is-config="true" signature="generateReport()[pri:0, instance:com.envision.orangehrmtestrunner.OrangeHrm_EmployeePortal_TestRunner@5e316c74]" started-at="2023-08-04T21:13:14 EDT" name="generateReport" finished-at="2023-08-04T21:13:15 EDT" duration-ms="1156" status="PASS">
          <reporter-output>
          </reporter-output>
        </test-method> <!-- generateReport -->
      </class> <!-- com.envision.orangehrmtestrunner.OrangeHrm_EmployeePortal_TestRunner -->
    </test> <!-- orangehrmproject1 -->
  </suite> <!-- Default Suite -->
</testng-results>
